<?xml version="1.0" encoding="UTF-8"?>
<testsuite xmlns:xsi="http://www.w3.org/2001/XMLSchema-instance" xsi:noNamespaceSchemaLocation="https://maven.apache.org/surefire/maven-surefire-plugin/xsd/surefire-test-report.xsd" version="3.0.2" name="com.itheima.TliasWebManagementApplicationTests" time="8.397" tests="4" errors="1" skipped="0" failures="0">
  <properties>
    <property name="java.specification.version" value="17"/>
    <property name="sun.cpu.isalist" value="amd64"/>
    <property name="sun.jnu.encoding" value="GBK"/>
    <property name="java.class.path" value="C:\Users\32014\IdeaProjects\tlias-web-management\target\test-classes;C:\Users\32014\IdeaProjects\tlias-web-management\target\classes;D:\idea_ultimate\IntelliJ IDEA 2024.3.5\plugins\maven\lib\maven3\mvn_repository\org\springframework\boot\spring-boot-starter-web\3.4.4\spring-boot-starter-web-3.4.4.jar;D:\idea_ultimate\IntelliJ IDEA 2024.3.5\plugins\maven\lib\maven3\mvn_repository\org\springframework\boot\spring-boot-starter\3.4.4\spring-boot-starter-3.4.4.jar;D:\idea_ultimate\IntelliJ IDEA 2024.3.5\plugins\maven\lib\maven3\mvn_repository\org\springframework\boot\spring-boot\3.4.4\spring-boot-3.4.4.jar;D:\idea_ultimate\IntelliJ IDEA 2024.3.5\plugins\maven\lib\maven3\mvn_repository\org\springframework\boot\spring-boot-autoconfigure\3.4.4\spring-boot-autoconfigure-3.4.4.jar;D:\idea_ultimate\IntelliJ IDEA 2024.3.5\plugins\maven\lib\maven3\mvn_repository\org\springframework\boot\spring-boot-starter-logging\3.4.4\spring-boot-starter-logging-3.4.4.jar;D:\idea_ultimate\IntelliJ IDEA 2024.3.5\plugins\maven\lib\maven3\mvn_repository\ch\qos\logback\logback-classic\1.5.18\logback-classic-1.5.18.jar;D:\idea_ultimate\IntelliJ IDEA 2024.3.5\plugins\maven\lib\maven3\mvn_repository\ch\qos\logback\logback-core\1.5.18\logback-core-1.5.18.jar;D:\idea_ultimate\IntelliJ IDEA 2024.3.5\plugins\maven\lib\maven3\mvn_repository\org\apache\logging\log4j\log4j-to-slf4j\2.24.3\log4j-to-slf4j-2.24.3.jar;D:\idea_ultimate\IntelliJ IDEA 2024.3.5\plugins\maven\lib\maven3\mvn_repository\org\apache\logging\log4j\log4j-api\2.24.3\log4j-api-2.24.3.jar;D:\idea_ultimate\IntelliJ IDEA 2024.3.5\plugins\maven\lib\maven3\mvn_repository\org\slf4j\jul-to-slf4j\2.0.17\jul-to-slf4j-2.0.17.jar;D:\idea_ultimate\IntelliJ IDEA 2024.3.5\plugins\maven\lib\maven3\mvn_repository\jakarta\annotation\jakarta.annotation-api\2.1.1\jakarta.annotation-api-2.1.1.jar;D:\idea_ultimate\IntelliJ IDEA 2024.3.5\plugins\maven\lib\maven3\mvn_repository\org\yaml\snakeyaml\2.3\snakeyaml-2.3.jar;D:\idea_ultimate\IntelliJ IDEA 2024.3.5\plugins\maven\lib\maven3\mvn_repository\org\springframework\boot\spring-boot-starter-json\3.4.4\spring-boot-starter-json-3.4.4.jar;D:\idea_ultimate\IntelliJ IDEA 2024.3.5\plugins\maven\lib\maven3\mvn_repository\com\fasterxml\jackson\core\jackson-databind\2.18.3\jackson-databind-2.18.3.jar;D:\idea_ultimate\IntelliJ IDEA 2024.3.5\plugins\maven\lib\maven3\mvn_repository\com\fasterxml\jackson\core\jackson-annotations\2.18.3\jackson-annotations-2.18.3.jar;D:\idea_ultimate\IntelliJ IDEA 2024.3.5\plugins\maven\lib\maven3\mvn_repository\com\fasterxml\jackson\core\jackson-core\2.18.3\jackson-core-2.18.3.jar;D:\idea_ultimate\IntelliJ IDEA 2024.3.5\plugins\maven\lib\maven3\mvn_repository\com\fasterxml\jackson\datatype\jackson-datatype-jdk8\2.18.3\jackson-datatype-jdk8-2.18.3.jar;D:\idea_ultimate\IntelliJ IDEA 2024.3.5\plugins\maven\lib\maven3\mvn_repository\com\fasterxml\jackson\datatype\jackson-datatype-jsr310\2.18.3\jackson-datatype-jsr310-2.18.3.jar;D:\idea_ultimate\IntelliJ IDEA 2024.3.5\plugins\maven\lib\maven3\mvn_repository\com\fasterxml\jackson\module\jackson-module-parameter-names\2.18.3\jackson-module-parameter-names-2.18.3.jar;D:\idea_ultimate\IntelliJ IDEA 2024.3.5\plugins\maven\lib\maven3\mvn_repository\org\springframework\boot\spring-boot-starter-tomcat\3.4.4\spring-boot-starter-tomcat-3.4.4.jar;D:\idea_ultimate\IntelliJ IDEA 2024.3.5\plugins\maven\lib\maven3\mvn_repository\org\apache\tomcat\embed\tomcat-embed-core\10.1.39\tomcat-embed-core-10.1.39.jar;D:\idea_ultimate\IntelliJ IDEA 2024.3.5\plugins\maven\lib\maven3\mvn_repository\org\apache\tomcat\embed\tomcat-embed-el\10.1.39\tomcat-embed-el-10.1.39.jar;D:\idea_ultimate\IntelliJ IDEA 2024.3.5\plugins\maven\lib\maven3\mvn_repository\org\apache\tomcat\embed\tomcat-embed-websocket\10.1.39\tomcat-embed-websocket-10.1.39.jar;D:\idea_ultimate\IntelliJ IDEA 2024.3.5\plugins\maven\lib\maven3\mvn_repository\org\springframework\spring-web\6.2.5\spring-web-6.2.5.jar;D:\idea_ultimate\IntelliJ IDEA 2024.3.5\plugins\maven\lib\maven3\mvn_repository\org\springframework\spring-beans\6.2.5\spring-beans-6.2.5.jar;D:\idea_ultimate\IntelliJ IDEA 2024.3.5\plugins\maven\lib\maven3\mvn_repository\io\micrometer\micrometer-observation\1.14.5\micrometer-observation-1.14.5.jar;D:\idea_ultimate\IntelliJ IDEA 2024.3.5\plugins\maven\lib\maven3\mvn_repository\io\micrometer\micrometer-commons\1.14.5\micrometer-commons-1.14.5.jar;D:\idea_ultimate\IntelliJ IDEA 2024.3.5\plugins\maven\lib\maven3\mvn_repository\org\springframework\spring-webmvc\6.2.5\spring-webmvc-6.2.5.jar;D:\idea_ultimate\IntelliJ IDEA 2024.3.5\plugins\maven\lib\maven3\mvn_repository\org\springframework\spring-context\6.2.5\spring-context-6.2.5.jar;D:\idea_ultimate\IntelliJ IDEA 2024.3.5\plugins\maven\lib\maven3\mvn_repository\org\springframework\spring-expression\6.2.5\spring-expression-6.2.5.jar;D:\idea_ultimate\IntelliJ IDEA 2024.3.5\plugins\maven\lib\maven3\mvn_repository\org\mybatis\spring\boot\mybatis-spring-boot-starter\3.0.4\mybatis-spring-boot-starter-3.0.4.jar;D:\idea_ultimate\IntelliJ IDEA 2024.3.5\plugins\maven\lib\maven3\mvn_repository\org\springframework\boot\spring-boot-starter-jdbc\3.4.4\spring-boot-starter-jdbc-3.4.4.jar;D:\idea_ultimate\IntelliJ IDEA 2024.3.5\plugins\maven\lib\maven3\mvn_repository\com\zaxxer\HikariCP\5.1.0\HikariCP-5.1.0.jar;D:\idea_ultimate\IntelliJ IDEA 2024.3.5\plugins\maven\lib\maven3\mvn_repository\org\springframework\spring-jdbc\6.2.5\spring-jdbc-6.2.5.jar;D:\idea_ultimate\IntelliJ IDEA 2024.3.5\plugins\maven\lib\maven3\mvn_repository\org\mybatis\spring\boot\mybatis-spring-boot-autoconfigure\3.0.4\mybatis-spring-boot-autoconfigure-3.0.4.jar;D:\idea_ultimate\IntelliJ IDEA 2024.3.5\plugins\maven\lib\maven3\mvn_repository\org\mybatis\mybatis\3.5.17\mybatis-3.5.17.jar;D:\idea_ultimate\IntelliJ IDEA 2024.3.5\plugins\maven\lib\maven3\mvn_repository\org\mybatis\mybatis-spring\3.0.4\mybatis-spring-3.0.4.jar;D:\idea_ultimate\IntelliJ IDEA 2024.3.5\plugins\maven\lib\maven3\mvn_repository\com\mysql\mysql-connector-j\9.1.0\mysql-connector-j-9.1.0.jar;D:\idea_ultimate\IntelliJ IDEA 2024.3.5\plugins\maven\lib\maven3\mvn_repository\org\projectlombok\lombok\1.18.36\lombok-1.18.36.jar;D:\idea_ultimate\IntelliJ IDEA 2024.3.5\plugins\maven\lib\maven3\mvn_repository\org\springframework\boot\spring-boot-starter-test\3.4.4\spring-boot-starter-test-3.4.4.jar;D:\idea_ultimate\IntelliJ IDEA 2024.3.5\plugins\maven\lib\maven3\mvn_repository\org\springframework\boot\spring-boot-test\3.4.4\spring-boot-test-3.4.4.jar;D:\idea_ultimate\IntelliJ IDEA 2024.3.5\plugins\maven\lib\maven3\mvn_repository\org\springframework\boot\spring-boot-test-autoconfigure\3.4.4\spring-boot-test-autoconfigure-3.4.4.jar;D:\idea_ultimate\IntelliJ IDEA 2024.3.5\plugins\maven\lib\maven3\mvn_repository\com\jayway\jsonpath\json-path\2.9.0\json-path-2.9.0.jar;D:\idea_ultimate\IntelliJ IDEA 2024.3.5\plugins\maven\lib\maven3\mvn_repository\org\slf4j\slf4j-api\2.0.17\slf4j-api-2.0.17.jar;D:\idea_ultimate\IntelliJ IDEA 2024.3.5\plugins\maven\lib\maven3\mvn_repository\jakarta\xml\bind\jakarta.xml.bind-api\4.0.2\jakarta.xml.bind-api-4.0.2.jar;D:\idea_ultimate\IntelliJ IDEA 2024.3.5\plugins\maven\lib\maven3\mvn_repository\jakarta\activation\jakarta.activation-api\2.1.3\jakarta.activation-api-2.1.3.jar;D:\idea_ultimate\IntelliJ IDEA 2024.3.5\plugins\maven\lib\maven3\mvn_repository\net\minidev\json-smart\2.5.2\json-smart-2.5.2.jar;D:\idea_ultimate\IntelliJ IDEA 2024.3.5\plugins\maven\lib\maven3\mvn_repository\net\minidev\accessors-smart\2.5.2\accessors-smart-2.5.2.jar;D:\idea_ultimate\IntelliJ IDEA 2024.3.5\plugins\maven\lib\maven3\mvn_repository\org\ow2\asm\asm\9.7.1\asm-9.7.1.jar;D:\idea_ultimate\IntelliJ IDEA 2024.3.5\plugins\maven\lib\maven3\mvn_repository\org\assertj\assertj-core\3.26.3\assertj-core-3.26.3.jar;D:\idea_ultimate\IntelliJ IDEA 2024.3.5\plugins\maven\lib\maven3\mvn_repository\net\bytebuddy\byte-buddy\1.15.11\byte-buddy-1.15.11.jar;D:\idea_ultimate\IntelliJ IDEA 2024.3.5\plugins\maven\lib\maven3\mvn_repository\org\awaitility\awaitility\4.2.2\awaitility-4.2.2.jar;D:\idea_ultimate\IntelliJ IDEA 2024.3.5\plugins\maven\lib\maven3\mvn_repository\org\hamcrest\hamcrest\2.2\hamcrest-2.2.jar;D:\idea_ultimate\IntelliJ IDEA 2024.3.5\plugins\maven\lib\maven3\mvn_repository\org\junit\jupiter\junit-jupiter\5.11.4\junit-jupiter-5.11.4.jar;D:\idea_ultimate\IntelliJ IDEA 2024.3.5\plugins\maven\lib\maven3\mvn_repository\org\junit\jupiter\junit-jupiter-api\5.11.4\junit-jupiter-api-5.11.4.jar;D:\idea_ultimate\IntelliJ IDEA 2024.3.5\plugins\maven\lib\maven3\mvn_repository\org\opentest4j\opentest4j\1.3.0\opentest4j-1.3.0.jar;D:\idea_ultimate\IntelliJ IDEA 2024.3.5\plugins\maven\lib\maven3\mvn_repository\org\junit\platform\junit-platform-commons\1.11.4\junit-platform-commons-1.11.4.jar;D:\idea_ultimate\IntelliJ IDEA 2024.3.5\plugins\maven\lib\maven3\mvn_repository\org\apiguardian\apiguardian-api\1.1.2\apiguardian-api-1.1.2.jar;D:\idea_ultimate\IntelliJ IDEA 2024.3.5\plugins\maven\lib\maven3\mvn_repository\org\junit\jupiter\junit-jupiter-params\5.11.4\junit-jupiter-params-5.11.4.jar;D:\idea_ultimate\IntelliJ IDEA 2024.3.5\plugins\maven\lib\maven3\mvn_repository\org\junit\jupiter\junit-jupiter-engine\5.11.4\junit-jupiter-engine-5.11.4.jar;D:\idea_ultimate\IntelliJ IDEA 2024.3.5\plugins\maven\lib\maven3\mvn_repository\org\junit\platform\junit-platform-engine\1.11.4\junit-platform-engine-1.11.4.jar;D:\idea_ultimate\IntelliJ IDEA 2024.3.5\plugins\maven\lib\maven3\mvn_repository\org\mockito\mockito-core\5.14.2\mockito-core-5.14.2.jar;D:\idea_ultimate\IntelliJ IDEA 2024.3.5\plugins\maven\lib\maven3\mvn_repository\net\bytebuddy\byte-buddy-agent\1.15.11\byte-buddy-agent-1.15.11.jar;D:\idea_ultimate\IntelliJ IDEA 2024.3.5\plugins\maven\lib\maven3\mvn_repository\org\objenesis\objenesis\3.3\objenesis-3.3.jar;D:\idea_ultimate\IntelliJ IDEA 2024.3.5\plugins\maven\lib\maven3\mvn_repository\org\mockito\mockito-junit-jupiter\5.14.2\mockito-junit-jupiter-5.14.2.jar;D:\idea_ultimate\IntelliJ IDEA 2024.3.5\plugins\maven\lib\maven3\mvn_repository\org\skyscreamer\jsonassert\1.5.3\jsonassert-1.5.3.jar;D:\idea_ultimate\IntelliJ IDEA 2024.3.5\plugins\maven\lib\maven3\mvn_repository\com\vaadin\external\google\android-json\0.0.20131108.vaadin1\android-json-0.0.20131108.vaadin1.jar;D:\idea_ultimate\IntelliJ IDEA 2024.3.5\plugins\maven\lib\maven3\mvn_repository\org\springframework\spring-core\6.2.5\spring-core-6.2.5.jar;D:\idea_ultimate\IntelliJ IDEA 2024.3.5\plugins\maven\lib\maven3\mvn_repository\org\springframework\spring-jcl\6.2.5\spring-jcl-6.2.5.jar;D:\idea_ultimate\IntelliJ IDEA 2024.3.5\plugins\maven\lib\maven3\mvn_repository\org\springframework\spring-test\6.2.5\spring-test-6.2.5.jar;D:\idea_ultimate\IntelliJ IDEA 2024.3.5\plugins\maven\lib\maven3\mvn_repository\org\xmlunit\xmlunit-core\2.10.0\xmlunit-core-2.10.0.jar;D:\idea_ultimate\IntelliJ IDEA 2024.3.5\plugins\maven\lib\maven3\mvn_repository\org\mybatis\spring\boot\mybatis-spring-boot-starter-test\3.0.4\mybatis-spring-boot-starter-test-3.0.4.jar;D:\idea_ultimate\IntelliJ IDEA 2024.3.5\plugins\maven\lib\maven3\mvn_repository\org\mybatis\spring\boot\mybatis-spring-boot-test-autoconfigure\3.0.4\mybatis-spring-boot-test-autoconfigure-3.0.4.jar;D:\idea_ultimate\IntelliJ IDEA 2024.3.5\plugins\maven\lib\maven3\mvn_repository\org\springframework\spring-tx\6.2.5\spring-tx-6.2.5.jar;D:\idea_ultimate\IntelliJ IDEA 2024.3.5\plugins\maven\lib\maven3\mvn_repository\com\github\pagehelper\pagehelper-spring-boot-starter\1.4.7\pagehelper-spring-boot-starter-1.4.7.jar;D:\idea_ultimate\IntelliJ IDEA 2024.3.5\plugins\maven\lib\maven3\mvn_repository\com\github\pagehelper\pagehelper-spring-boot-autoconfigure\1.4.7\pagehelper-spring-boot-autoconfigure-1.4.7.jar;D:\idea_ultimate\IntelliJ IDEA 2024.3.5\plugins\maven\lib\maven3\mvn_repository\com\github\pagehelper\pagehelper\5.3.3\pagehelper-5.3.3.jar;D:\idea_ultimate\IntelliJ IDEA 2024.3.5\plugins\maven\lib\maven3\mvn_repository\com\github\jsqlparser\jsqlparser\4.5\jsqlparser-4.5.jar;D:\idea_ultimate\IntelliJ IDEA 2024.3.5\plugins\maven\lib\maven3\mvn_repository\com\aliyun\oss\aliyun-sdk-oss\3.18.0\aliyun-sdk-oss-3.18.0.jar;D:\idea_ultimate\IntelliJ IDEA 2024.3.5\plugins\maven\lib\maven3\mvn_repository\org\apache\httpcomponents\httpclient\4.5.13\httpclient-4.5.13.jar;D:\idea_ultimate\IntelliJ IDEA 2024.3.5\plugins\maven\lib\maven3\mvn_repository\org\apache\httpcomponents\httpcore\4.4.16\httpcore-4.4.16.jar;D:\idea_ultimate\IntelliJ IDEA 2024.3.5\plugins\maven\lib\maven3\mvn_repository\commons-logging\commons-logging\1.2\commons-logging-1.2.jar;D:\idea_ultimate\IntelliJ IDEA 2024.3.5\plugins\maven\lib\maven3\mvn_repository\commons-codec\commons-codec\1.17.2\commons-codec-1.17.2.jar;D:\idea_ultimate\IntelliJ IDEA 2024.3.5\plugins\maven\lib\maven3\mvn_repository\org\jdom\jdom2\2.0.6.1\jdom2-2.0.6.1.jar;D:\idea_ultimate\IntelliJ IDEA 2024.3.5\plugins\maven\lib\maven3\mvn_repository\org\codehaus\jettison\jettison\1.5.4\jettison-1.5.4.jar;D:\idea_ultimate\IntelliJ IDEA 2024.3.5\plugins\maven\lib\maven3\mvn_repository\com\aliyun\aliyun-java-sdk-core\4.5.10\aliyun-java-sdk-core-4.5.10.jar;D:\idea_ultimate\IntelliJ IDEA 2024.3.5\plugins\maven\lib\maven3\mvn_repository\com\google\code\gson\gson\2.11.0\gson-2.11.0.jar;D:\idea_ultimate\IntelliJ IDEA 2024.3.5\plugins\maven\lib\maven3\mvn_repository\com\google\errorprone\error_prone_annotations\2.27.0\error_prone_annotations-2.27.0.jar;D:\idea_ultimate\IntelliJ IDEA 2024.3.5\plugins\maven\lib\maven3\mvn_repository\org\jacoco\org.jacoco.agent\0.8.5\org.jacoco.agent-0.8.5-runtime.jar;D:\idea_ultimate\IntelliJ IDEA 2024.3.5\plugins\maven\lib\maven3\mvn_repository\org\ini4j\ini4j\0.5.4\ini4j-0.5.4.jar;D:\idea_ultimate\IntelliJ IDEA 2024.3.5\plugins\maven\lib\maven3\mvn_repository\io\opentracing\opentracing-api\0.33.0\opentracing-api-0.33.0.jar;D:\idea_ultimate\IntelliJ IDEA 2024.3.5\plugins\maven\lib\maven3\mvn_repository\io\opentracing\opentracing-util\0.33.0\opentracing-util-0.33.0.jar;D:\idea_ultimate\IntelliJ IDEA 2024.3.5\plugins\maven\lib\maven3\mvn_repository\io\opentracing\opentracing-noop\0.33.0\opentracing-noop-0.33.0.jar;D:\idea_ultimate\IntelliJ IDEA 2024.3.5\plugins\maven\lib\maven3\mvn_repository\com\aliyun\aliyun-java-sdk-ram\3.1.0\aliyun-java-sdk-ram-3.1.0.jar;D:\idea_ultimate\IntelliJ IDEA 2024.3.5\plugins\maven\lib\maven3\mvn_repository\com\aliyun\aliyun-java-sdk-kms\2.11.0\aliyun-java-sdk-kms-2.11.0.jar;D:\idea_ultimate\IntelliJ IDEA 2024.3.5\plugins\maven\lib\maven3\mvn_repository\javax\xml\bind\jaxb-api\2.3.1\jaxb-api-2.3.1.jar;D:\idea_ultimate\IntelliJ IDEA 2024.3.5\plugins\maven\lib\maven3\mvn_repository\javax\activation\javax.activation-api\1.2.0\javax.activation-api-1.2.0.jar;D:\idea_ultimate\IntelliJ IDEA 2024.3.5\plugins\maven\lib\maven3\mvn_repository\org\springframework\boot\spring-boot-configuration-processor\3.4.4\spring-boot-configuration-processor-3.4.4.jar;D:\idea_ultimate\IntelliJ IDEA 2024.3.5\plugins\maven\lib\maven3\mvn_repository\io\jsonwebtoken\jjwt\0.12.3\jjwt-0.12.3.jar;D:\idea_ultimate\IntelliJ IDEA 2024.3.5\plugins\maven\lib\maven3\mvn_repository\io\jsonwebtoken\jjwt-api\0.12.3\jjwt-api-0.12.3.jar;D:\idea_ultimate\IntelliJ IDEA 2024.3.5\plugins\maven\lib\maven3\mvn_repository\io\jsonwebtoken\jjwt-impl\0.12.3\jjwt-impl-0.12.3.jar;D:\idea_ultimate\IntelliJ IDEA 2024.3.5\plugins\maven\lib\maven3\mvn_repository\io\jsonwebtoken\jjwt-jackson\0.12.3\jjwt-jackson-0.12.3.jar;D:\idea_ultimate\IntelliJ IDEA 2024.3.5\plugins\maven\lib\maven3\mvn_repository\com\alibaba\fastjson\2.0.53\fastjson-2.0.53.jar;D:\idea_ultimate\IntelliJ IDEA 2024.3.5\plugins\maven\lib\maven3\mvn_repository\com\alibaba\fastjson2\fastjson2-extension\2.0.53\fastjson2-extension-2.0.53.jar;D:\idea_ultimate\IntelliJ IDEA 2024.3.5\plugins\maven\lib\maven3\mvn_repository\com\alibaba\fastjson2\fastjson2\2.0.53\fastjson2-2.0.53.jar;D:\idea_ultimate\IntelliJ IDEA 2024.3.5\plugins\maven\lib\maven3\mvn_repository\org\springframework\boot\spring-boot-starter-aop\3.4.4\spring-boot-starter-aop-3.4.4.jar;D:\idea_ultimate\IntelliJ IDEA 2024.3.5\plugins\maven\lib\maven3\mvn_repository\org\springframework\spring-aop\6.2.5\spring-aop-6.2.5.jar;D:\idea_ultimate\IntelliJ IDEA 2024.3.5\plugins\maven\lib\maven3\mvn_repository\org\aspectj\aspectjweaver\1.9.23\aspectjweaver-1.9.23.jar;"/>
    <property name="java.vm.vendor" value="Oracle Corporation"/>
    <property name="sun.arch.data.model" value="64"/>
    <property name="user.variant" value=""/>
    <property name="java.vendor.url" value="https://java.oracle.com/"/>
    <property name="user.timezone" value="Asia/Shanghai"/>
    <property name="os.name" value="Windows 11"/>
    <property name="java.vm.specification.version" value="17"/>
    <property name="sun.java.launcher" value="SUN_STANDARD"/>
    <property name="user.country" value="CN"/>
    <property name="sun.boot.library.path" value="D:\Java\jdk17_install\bin"/>
    <property name="sun.java.command" value="C:\Users\32014\AppData\Local\Temp\surefire30387295287329360\surefirebooter-20250502172955109_3.jar C:\Users\32014\AppData\Local\Temp\surefire30387295287329360 2025-05-02T17-29-51_061-jvmRun1 surefire-20250502172955109_1tmp surefire_0-20250502172955109_2tmp"/>
    <property name="jdk.debug" value="release"/>
    <property name="surefire.test.class.path" value="C:\Users\32014\IdeaProjects\tlias-web-management\target\test-classes;C:\Users\32014\IdeaProjects\tlias-web-management\target\classes;D:\idea_ultimate\IntelliJ IDEA 2024.3.5\plugins\maven\lib\maven3\mvn_repository\org\springframework\boot\spring-boot-starter-web\3.4.4\spring-boot-starter-web-3.4.4.jar;D:\idea_ultimate\IntelliJ IDEA 2024.3.5\plugins\maven\lib\maven3\mvn_repository\org\springframework\boot\spring-boot-starter\3.4.4\spring-boot-starter-3.4.4.jar;D:\idea_ultimate\IntelliJ IDEA 2024.3.5\plugins\maven\lib\maven3\mvn_repository\org\springframework\boot\spring-boot\3.4.4\spring-boot-3.4.4.jar;D:\idea_ultimate\IntelliJ IDEA 2024.3.5\plugins\maven\lib\maven3\mvn_repository\org\springframework\boot\spring-boot-autoconfigure\3.4.4\spring-boot-autoconfigure-3.4.4.jar;D:\idea_ultimate\IntelliJ IDEA 2024.3.5\plugins\maven\lib\maven3\mvn_repository\org\springframework\boot\spring-boot-starter-logging\3.4.4\spring-boot-starter-logging-3.4.4.jar;D:\idea_ultimate\IntelliJ IDEA 2024.3.5\plugins\maven\lib\maven3\mvn_repository\ch\qos\logback\logback-classic\1.5.18\logback-classic-1.5.18.jar;D:\idea_ultimate\IntelliJ IDEA 2024.3.5\plugins\maven\lib\maven3\mvn_repository\ch\qos\logback\logback-core\1.5.18\logback-core-1.5.18.jar;D:\idea_ultimate\IntelliJ IDEA 2024.3.5\plugins\maven\lib\maven3\mvn_repository\org\apache\logging\log4j\log4j-to-slf4j\2.24.3\log4j-to-slf4j-2.24.3.jar;D:\idea_ultimate\IntelliJ IDEA 2024.3.5\plugins\maven\lib\maven3\mvn_repository\org\apache\logging\log4j\log4j-api\2.24.3\log4j-api-2.24.3.jar;D:\idea_ultimate\IntelliJ IDEA 2024.3.5\plugins\maven\lib\maven3\mvn_repository\org\slf4j\jul-to-slf4j\2.0.17\jul-to-slf4j-2.0.17.jar;D:\idea_ultimate\IntelliJ IDEA 2024.3.5\plugins\maven\lib\maven3\mvn_repository\jakarta\annotation\jakarta.annotation-api\2.1.1\jakarta.annotation-api-2.1.1.jar;D:\idea_ultimate\IntelliJ IDEA 2024.3.5\plugins\maven\lib\maven3\mvn_repository\org\yaml\snakeyaml\2.3\snakeyaml-2.3.jar;D:\idea_ultimate\IntelliJ IDEA 2024.3.5\plugins\maven\lib\maven3\mvn_repository\org\springframework\boot\spring-boot-starter-json\3.4.4\spring-boot-starter-json-3.4.4.jar;D:\idea_ultimate\IntelliJ IDEA 2024.3.5\plugins\maven\lib\maven3\mvn_repository\com\fasterxml\jackson\core\jackson-databind\2.18.3\jackson-databind-2.18.3.jar;D:\idea_ultimate\IntelliJ IDEA 2024.3.5\plugins\maven\lib\maven3\mvn_repository\com\fasterxml\jackson\core\jackson-annotations\2.18.3\jackson-annotations-2.18.3.jar;D:\idea_ultimate\IntelliJ IDEA 2024.3.5\plugins\maven\lib\maven3\mvn_repository\com\fasterxml\jackson\core\jackson-core\2.18.3\jackson-core-2.18.3.jar;D:\idea_ultimate\IntelliJ IDEA 2024.3.5\plugins\maven\lib\maven3\mvn_repository\com\fasterxml\jackson\datatype\jackson-datatype-jdk8\2.18.3\jackson-datatype-jdk8-2.18.3.jar;D:\idea_ultimate\IntelliJ IDEA 2024.3.5\plugins\maven\lib\maven3\mvn_repository\com\fasterxml\jackson\datatype\jackson-datatype-jsr310\2.18.3\jackson-datatype-jsr310-2.18.3.jar;D:\idea_ultimate\IntelliJ IDEA 2024.3.5\plugins\maven\lib\maven3\mvn_repository\com\fasterxml\jackson\module\jackson-module-parameter-names\2.18.3\jackson-module-parameter-names-2.18.3.jar;D:\idea_ultimate\IntelliJ IDEA 2024.3.5\plugins\maven\lib\maven3\mvn_repository\org\springframework\boot\spring-boot-starter-tomcat\3.4.4\spring-boot-starter-tomcat-3.4.4.jar;D:\idea_ultimate\IntelliJ IDEA 2024.3.5\plugins\maven\lib\maven3\mvn_repository\org\apache\tomcat\embed\tomcat-embed-core\10.1.39\tomcat-embed-core-10.1.39.jar;D:\idea_ultimate\IntelliJ IDEA 2024.3.5\plugins\maven\lib\maven3\mvn_repository\org\apache\tomcat\embed\tomcat-embed-el\10.1.39\tomcat-embed-el-10.1.39.jar;D:\idea_ultimate\IntelliJ IDEA 2024.3.5\plugins\maven\lib\maven3\mvn_repository\org\apache\tomcat\embed\tomcat-embed-websocket\10.1.39\tomcat-embed-websocket-10.1.39.jar;D:\idea_ultimate\IntelliJ IDEA 2024.3.5\plugins\maven\lib\maven3\mvn_repository\org\springframework\spring-web\6.2.5\spring-web-6.2.5.jar;D:\idea_ultimate\IntelliJ IDEA 2024.3.5\plugins\maven\lib\maven3\mvn_repository\org\springframework\spring-beans\6.2.5\spring-beans-6.2.5.jar;D:\idea_ultimate\IntelliJ IDEA 2024.3.5\plugins\maven\lib\maven3\mvn_repository\io\micrometer\micrometer-observation\1.14.5\micrometer-observation-1.14.5.jar;D:\idea_ultimate\IntelliJ IDEA 2024.3.5\plugins\maven\lib\maven3\mvn_repository\io\micrometer\micrometer-commons\1.14.5\micrometer-commons-1.14.5.jar;D:\idea_ultimate\IntelliJ IDEA 2024.3.5\plugins\maven\lib\maven3\mvn_repository\org\springframework\spring-webmvc\6.2.5\spring-webmvc-6.2.5.jar;D:\idea_ultimate\IntelliJ IDEA 2024.3.5\plugins\maven\lib\maven3\mvn_repository\org\springframework\spring-context\6.2.5\spring-context-6.2.5.jar;D:\idea_ultimate\IntelliJ IDEA 2024.3.5\plugins\maven\lib\maven3\mvn_repository\org\springframework\spring-expression\6.2.5\spring-expression-6.2.5.jar;D:\idea_ultimate\IntelliJ IDEA 2024.3.5\plugins\maven\lib\maven3\mvn_repository\org\mybatis\spring\boot\mybatis-spring-boot-starter\3.0.4\mybatis-spring-boot-starter-3.0.4.jar;D:\idea_ultimate\IntelliJ IDEA 2024.3.5\plugins\maven\lib\maven3\mvn_repository\org\springframework\boot\spring-boot-starter-jdbc\3.4.4\spring-boot-starter-jdbc-3.4.4.jar;D:\idea_ultimate\IntelliJ IDEA 2024.3.5\plugins\maven\lib\maven3\mvn_repository\com\zaxxer\HikariCP\5.1.0\HikariCP-5.1.0.jar;D:\idea_ultimate\IntelliJ IDEA 2024.3.5\plugins\maven\lib\maven3\mvn_repository\org\springframework\spring-jdbc\6.2.5\spring-jdbc-6.2.5.jar;D:\idea_ultimate\IntelliJ IDEA 2024.3.5\plugins\maven\lib\maven3\mvn_repository\org\mybatis\spring\boot\mybatis-spring-boot-autoconfigure\3.0.4\mybatis-spring-boot-autoconfigure-3.0.4.jar;D:\idea_ultimate\IntelliJ IDEA 2024.3.5\plugins\maven\lib\maven3\mvn_repository\org\mybatis\mybatis\3.5.17\mybatis-3.5.17.jar;D:\idea_ultimate\IntelliJ IDEA 2024.3.5\plugins\maven\lib\maven3\mvn_repository\org\mybatis\mybatis-spring\3.0.4\mybatis-spring-3.0.4.jar;D:\idea_ultimate\IntelliJ IDEA 2024.3.5\plugins\maven\lib\maven3\mvn_repository\com\mysql\mysql-connector-j\9.1.0\mysql-connector-j-9.1.0.jar;D:\idea_ultimate\IntelliJ IDEA 2024.3.5\plugins\maven\lib\maven3\mvn_repository\org\projectlombok\lombok\1.18.36\lombok-1.18.36.jar;D:\idea_ultimate\IntelliJ IDEA 2024.3.5\plugins\maven\lib\maven3\mvn_repository\org\springframework\boot\spring-boot-starter-test\3.4.4\spring-boot-starter-test-3.4.4.jar;D:\idea_ultimate\IntelliJ IDEA 2024.3.5\plugins\maven\lib\maven3\mvn_repository\org\springframework\boot\spring-boot-test\3.4.4\spring-boot-test-3.4.4.jar;D:\idea_ultimate\IntelliJ IDEA 2024.3.5\plugins\maven\lib\maven3\mvn_repository\org\springframework\boot\spring-boot-test-autoconfigure\3.4.4\spring-boot-test-autoconfigure-3.4.4.jar;D:\idea_ultimate\IntelliJ IDEA 2024.3.5\plugins\maven\lib\maven3\mvn_repository\com\jayway\jsonpath\json-path\2.9.0\json-path-2.9.0.jar;D:\idea_ultimate\IntelliJ IDEA 2024.3.5\plugins\maven\lib\maven3\mvn_repository\org\slf4j\slf4j-api\2.0.17\slf4j-api-2.0.17.jar;D:\idea_ultimate\IntelliJ IDEA 2024.3.5\plugins\maven\lib\maven3\mvn_repository\jakarta\xml\bind\jakarta.xml.bind-api\4.0.2\jakarta.xml.bind-api-4.0.2.jar;D:\idea_ultimate\IntelliJ IDEA 2024.3.5\plugins\maven\lib\maven3\mvn_repository\jakarta\activation\jakarta.activation-api\2.1.3\jakarta.activation-api-2.1.3.jar;D:\idea_ultimate\IntelliJ IDEA 2024.3.5\plugins\maven\lib\maven3\mvn_repository\net\minidev\json-smart\2.5.2\json-smart-2.5.2.jar;D:\idea_ultimate\IntelliJ IDEA 2024.3.5\plugins\maven\lib\maven3\mvn_repository\net\minidev\accessors-smart\2.5.2\accessors-smart-2.5.2.jar;D:\idea_ultimate\IntelliJ IDEA 2024.3.5\plugins\maven\lib\maven3\mvn_repository\org\ow2\asm\asm\9.7.1\asm-9.7.1.jar;D:\idea_ultimate\IntelliJ IDEA 2024.3.5\plugins\maven\lib\maven3\mvn_repository\org\assertj\assertj-core\3.26.3\assertj-core-3.26.3.jar;D:\idea_ultimate\IntelliJ IDEA 2024.3.5\plugins\maven\lib\maven3\mvn_repository\net\bytebuddy\byte-buddy\1.15.11\byte-buddy-1.15.11.jar;D:\idea_ultimate\IntelliJ IDEA 2024.3.5\plugins\maven\lib\maven3\mvn_repository\org\awaitility\awaitility\4.2.2\awaitility-4.2.2.jar;D:\idea_ultimate\IntelliJ IDEA 2024.3.5\plugins\maven\lib\maven3\mvn_repository\org\hamcrest\hamcrest\2.2\hamcrest-2.2.jar;D:\idea_ultimate\IntelliJ IDEA 2024.3.5\plugins\maven\lib\maven3\mvn_repository\org\junit\jupiter\junit-jupiter\5.11.4\junit-jupiter-5.11.4.jar;D:\idea_ultimate\IntelliJ IDEA 2024.3.5\plugins\maven\lib\maven3\mvn_repository\org\junit\jupiter\junit-jupiter-api\5.11.4\junit-jupiter-api-5.11.4.jar;D:\idea_ultimate\IntelliJ IDEA 2024.3.5\plugins\maven\lib\maven3\mvn_repository\org\opentest4j\opentest4j\1.3.0\opentest4j-1.3.0.jar;D:\idea_ultimate\IntelliJ IDEA 2024.3.5\plugins\maven\lib\maven3\mvn_repository\org\junit\platform\junit-platform-commons\1.11.4\junit-platform-commons-1.11.4.jar;D:\idea_ultimate\IntelliJ IDEA 2024.3.5\plugins\maven\lib\maven3\mvn_repository\org\apiguardian\apiguardian-api\1.1.2\apiguardian-api-1.1.2.jar;D:\idea_ultimate\IntelliJ IDEA 2024.3.5\plugins\maven\lib\maven3\mvn_repository\org\junit\jupiter\junit-jupiter-params\5.11.4\junit-jupiter-params-5.11.4.jar;D:\idea_ultimate\IntelliJ IDEA 2024.3.5\plugins\maven\lib\maven3\mvn_repository\org\junit\jupiter\junit-jupiter-engine\5.11.4\junit-jupiter-engine-5.11.4.jar;D:\idea_ultimate\IntelliJ IDEA 2024.3.5\plugins\maven\lib\maven3\mvn_repository\org\junit\platform\junit-platform-engine\1.11.4\junit-platform-engine-1.11.4.jar;D:\idea_ultimate\IntelliJ IDEA 2024.3.5\plugins\maven\lib\maven3\mvn_repository\org\mockito\mockito-core\5.14.2\mockito-core-5.14.2.jar;D:\idea_ultimate\IntelliJ IDEA 2024.3.5\plugins\maven\lib\maven3\mvn_repository\net\bytebuddy\byte-buddy-agent\1.15.11\byte-buddy-agent-1.15.11.jar;D:\idea_ultimate\IntelliJ IDEA 2024.3.5\plugins\maven\lib\maven3\mvn_repository\org\objenesis\objenesis\3.3\objenesis-3.3.jar;D:\idea_ultimate\IntelliJ IDEA 2024.3.5\plugins\maven\lib\maven3\mvn_repository\org\mockito\mockito-junit-jupiter\5.14.2\mockito-junit-jupiter-5.14.2.jar;D:\idea_ultimate\IntelliJ IDEA 2024.3.5\plugins\maven\lib\maven3\mvn_repository\org\skyscreamer\jsonassert\1.5.3\jsonassert-1.5.3.jar;D:\idea_ultimate\IntelliJ IDEA 2024.3.5\plugins\maven\lib\maven3\mvn_repository\com\vaadin\external\google\android-json\0.0.20131108.vaadin1\android-json-0.0.20131108.vaadin1.jar;D:\idea_ultimate\IntelliJ IDEA 2024.3.5\plugins\maven\lib\maven3\mvn_repository\org\springframework\spring-core\6.2.5\spring-core-6.2.5.jar;D:\idea_ultimate\IntelliJ IDEA 2024.3.5\plugins\maven\lib\maven3\mvn_repository\org\springframework\spring-jcl\6.2.5\spring-jcl-6.2.5.jar;D:\idea_ultimate\IntelliJ IDEA 2024.3.5\plugins\maven\lib\maven3\mvn_repository\org\springframework\spring-test\6.2.5\spring-test-6.2.5.jar;D:\idea_ultimate\IntelliJ IDEA 2024.3.5\plugins\maven\lib\maven3\mvn_repository\org\xmlunit\xmlunit-core\2.10.0\xmlunit-core-2.10.0.jar;D:\idea_ultimate\IntelliJ IDEA 2024.3.5\plugins\maven\lib\maven3\mvn_repository\org\mybatis\spring\boot\mybatis-spring-boot-starter-test\3.0.4\mybatis-spring-boot-starter-test-3.0.4.jar;D:\idea_ultimate\IntelliJ IDEA 2024.3.5\plugins\maven\lib\maven3\mvn_repository\org\mybatis\spring\boot\mybatis-spring-boot-test-autoconfigure\3.0.4\mybatis-spring-boot-test-autoconfigure-3.0.4.jar;D:\idea_ultimate\IntelliJ IDEA 2024.3.5\plugins\maven\lib\maven3\mvn_repository\org\springframework\spring-tx\6.2.5\spring-tx-6.2.5.jar;D:\idea_ultimate\IntelliJ IDEA 2024.3.5\plugins\maven\lib\maven3\mvn_repository\com\github\pagehelper\pagehelper-spring-boot-starter\1.4.7\pagehelper-spring-boot-starter-1.4.7.jar;D:\idea_ultimate\IntelliJ IDEA 2024.3.5\plugins\maven\lib\maven3\mvn_repository\com\github\pagehelper\pagehelper-spring-boot-autoconfigure\1.4.7\pagehelper-spring-boot-autoconfigure-1.4.7.jar;D:\idea_ultimate\IntelliJ IDEA 2024.3.5\plugins\maven\lib\maven3\mvn_repository\com\github\pagehelper\pagehelper\5.3.3\pagehelper-5.3.3.jar;D:\idea_ultimate\IntelliJ IDEA 2024.3.5\plugins\maven\lib\maven3\mvn_repository\com\github\jsqlparser\jsqlparser\4.5\jsqlparser-4.5.jar;D:\idea_ultimate\IntelliJ IDEA 2024.3.5\plugins\maven\lib\maven3\mvn_repository\com\aliyun\oss\aliyun-sdk-oss\3.18.0\aliyun-sdk-oss-3.18.0.jar;D:\idea_ultimate\IntelliJ IDEA 2024.3.5\plugins\maven\lib\maven3\mvn_repository\org\apache\httpcomponents\httpclient\4.5.13\httpclient-4.5.13.jar;D:\idea_ultimate\IntelliJ IDEA 2024.3.5\plugins\maven\lib\maven3\mvn_repository\org\apache\httpcomponents\httpcore\4.4.16\httpcore-4.4.16.jar;D:\idea_ultimate\IntelliJ IDEA 2024.3.5\plugins\maven\lib\maven3\mvn_repository\commons-logging\commons-logging\1.2\commons-logging-1.2.jar;D:\idea_ultimate\IntelliJ IDEA 2024.3.5\plugins\maven\lib\maven3\mvn_repository\commons-codec\commons-codec\1.17.2\commons-codec-1.17.2.jar;D:\idea_ultimate\IntelliJ IDEA 2024.3.5\plugins\maven\lib\maven3\mvn_repository\org\jdom\jdom2\2.0.6.1\jdom2-2.0.6.1.jar;D:\idea_ultimate\IntelliJ IDEA 2024.3.5\plugins\maven\lib\maven3\mvn_repository\org\codehaus\jettison\jettison\1.5.4\jettison-1.5.4.jar;D:\idea_ultimate\IntelliJ IDEA 2024.3.5\plugins\maven\lib\maven3\mvn_repository\com\aliyun\aliyun-java-sdk-core\4.5.10\aliyun-java-sdk-core-4.5.10.jar;D:\idea_ultimate\IntelliJ IDEA 2024.3.5\plugins\maven\lib\maven3\mvn_repository\com\google\code\gson\gson\2.11.0\gson-2.11.0.jar;D:\idea_ultimate\IntelliJ IDEA 2024.3.5\plugins\maven\lib\maven3\mvn_repository\com\google\errorprone\error_prone_annotations\2.27.0\error_prone_annotations-2.27.0.jar;D:\idea_ultimate\IntelliJ IDEA 2024.3.5\plugins\maven\lib\maven3\mvn_repository\org\jacoco\org.jacoco.agent\0.8.5\org.jacoco.agent-0.8.5-runtime.jar;D:\idea_ultimate\IntelliJ IDEA 2024.3.5\plugins\maven\lib\maven3\mvn_repository\org\ini4j\ini4j\0.5.4\ini4j-0.5.4.jar;D:\idea_ultimate\IntelliJ IDEA 2024.3.5\plugins\maven\lib\maven3\mvn_repository\io\opentracing\opentracing-api\0.33.0\opentracing-api-0.33.0.jar;D:\idea_ultimate\IntelliJ IDEA 2024.3.5\plugins\maven\lib\maven3\mvn_repository\io\opentracing\opentracing-util\0.33.0\opentracing-util-0.33.0.jar;D:\idea_ultimate\IntelliJ IDEA 2024.3.5\plugins\maven\lib\maven3\mvn_repository\io\opentracing\opentracing-noop\0.33.0\opentracing-noop-0.33.0.jar;D:\idea_ultimate\IntelliJ IDEA 2024.3.5\plugins\maven\lib\maven3\mvn_repository\com\aliyun\aliyun-java-sdk-ram\3.1.0\aliyun-java-sdk-ram-3.1.0.jar;D:\idea_ultimate\IntelliJ IDEA 2024.3.5\plugins\maven\lib\maven3\mvn_repository\com\aliyun\aliyun-java-sdk-kms\2.11.0\aliyun-java-sdk-kms-2.11.0.jar;D:\idea_ultimate\IntelliJ IDEA 2024.3.5\plugins\maven\lib\maven3\mvn_repository\javax\xml\bind\jaxb-api\2.3.1\jaxb-api-2.3.1.jar;D:\idea_ultimate\IntelliJ IDEA 2024.3.5\plugins\maven\lib\maven3\mvn_repository\javax\activation\javax.activation-api\1.2.0\javax.activation-api-1.2.0.jar;D:\idea_ultimate\IntelliJ IDEA 2024.3.5\plugins\maven\lib\maven3\mvn_repository\org\springframework\boot\spring-boot-configuration-processor\3.4.4\spring-boot-configuration-processor-3.4.4.jar;D:\idea_ultimate\IntelliJ IDEA 2024.3.5\plugins\maven\lib\maven3\mvn_repository\io\jsonwebtoken\jjwt\0.12.3\jjwt-0.12.3.jar;D:\idea_ultimate\IntelliJ IDEA 2024.3.5\plugins\maven\lib\maven3\mvn_repository\io\jsonwebtoken\jjwt-api\0.12.3\jjwt-api-0.12.3.jar;D:\idea_ultimate\IntelliJ IDEA 2024.3.5\plugins\maven\lib\maven3\mvn_repository\io\jsonwebtoken\jjwt-impl\0.12.3\jjwt-impl-0.12.3.jar;D:\idea_ultimate\IntelliJ IDEA 2024.3.5\plugins\maven\lib\maven3\mvn_repository\io\jsonwebtoken\jjwt-jackson\0.12.3\jjwt-jackson-0.12.3.jar;D:\idea_ultimate\IntelliJ IDEA 2024.3.5\plugins\maven\lib\maven3\mvn_repository\com\alibaba\fastjson\2.0.53\fastjson-2.0.53.jar;D:\idea_ultimate\IntelliJ IDEA 2024.3.5\plugins\maven\lib\maven3\mvn_repository\com\alibaba\fastjson2\fastjson2-extension\2.0.53\fastjson2-extension-2.0.53.jar;D:\idea_ultimate\IntelliJ IDEA 2024.3.5\plugins\maven\lib\maven3\mvn_repository\com\alibaba\fastjson2\fastjson2\2.0.53\fastjson2-2.0.53.jar;D:\idea_ultimate\IntelliJ IDEA 2024.3.5\plugins\maven\lib\maven3\mvn_repository\org\springframework\boot\spring-boot-starter-aop\3.4.4\spring-boot-starter-aop-3.4.4.jar;D:\idea_ultimate\IntelliJ IDEA 2024.3.5\plugins\maven\lib\maven3\mvn_repository\org\springframework\spring-aop\6.2.5\spring-aop-6.2.5.jar;D:\idea_ultimate\IntelliJ IDEA 2024.3.5\plugins\maven\lib\maven3\mvn_repository\org\aspectj\aspectjweaver\1.9.23\aspectjweaver-1.9.23.jar;"/>
    <property name="sun.cpu.endian" value="little"/>
    <property name="user.home" value="C:\Users\32014"/>
    <property name="user.language" value="zh"/>
    <property name="java.specification.vendor" value="Oracle Corporation"/>
    <property name="java.version.date" value="2025-04-15"/>
    <property name="java.home" value="D:\Java\jdk17_install"/>
    <property name="file.separator" value="\"/>
    <property name="basedir" value="C:\Users\32014\IdeaProjects\tlias-web-management"/>
    <property name="java.vm.compressedOopsMode" value="Zero based"/>
    <property name="line.separator" value="&#10;"/>
    <property name="java.vm.specification.vendor" value="Oracle Corporation"/>
    <property name="java.specification.name" value="Java Platform API Specification"/>
    <property name="FILE_LOG_CHARSET" value="GBK"/>
    <property name="java.awt.headless" value="true"/>
    <property name="surefire.real.class.path" value="C:\Users\32014\AppData\Local\Temp\surefire30387295287329360\surefirebooter-20250502172955109_3.jar"/>
    <property name="user.script" value=""/>
    <property name="sun.management.compiler" value="HotSpot 64-Bit Tiered Compilers"/>
    <property name="java.runtime.version" value="17.0.15+9-LTS-241"/>
    <property name="user.name" value="32014"/>
    <property name="path.separator" value=";"/>
    <property name="os.version" value="10.0"/>
    <property name="java.runtime.name" value="Java(TM) SE Runtime Environment"/>
    <property name="file.encoding" value="GBK"/>
    <property name="java.vm.name" value="Java HotSpot(TM) 64-Bit Server VM"/>
    <property name="localRepository" value="D:\idea_ultimate\IntelliJ IDEA 2024.3.5\plugins\maven\lib\maven3\mvn_repository"/>
    <property name="java.vendor.url.bug" value="https://bugreport.java.com/bugreport/"/>
    <property name="java.io.tmpdir" value="C:\Users\32014\AppData\Local\Temp\"/>
    <property name="idea.version" value="2024.3.5"/>
    <property name="java.version" value="17.0.15"/>
    <property name="user.dir" value="C:\Users\32014\IdeaProjects\tlias-web-management"/>
    <property name="os.arch" value="amd64"/>
    <property name="java.vm.specification.name" value="Java Virtual Machine Specification"/>
    <property name="PID" value="33980"/>
    <property name="sun.os.patch.level" value=""/>
    <property name="CONSOLE_LOG_CHARSET" value="GBK"/>
    <property name="native.encoding" value="GBK"/>
    <property name="java.library.path" value="D:\Java\jdk17_install\bin;C:\WINDOWS\Sun\Java\bin;C:\WINDOWS\system32;C:\WINDOWS;D:\runtime\win64;C:\Program Files\Common Files\Oracle\Java\javapath;D:\Java\jdk17_install\bin;D:\虚拟机\虚拟机\bin\;%Syst;mRoot%\system32;C:\WINDOWS;C:\WINDOWS\System32\Wbem;C:\WINDOWS\System32\WindowsPowerShell\v1.0\;C:\WINDOWS\System32\OpenSSH\;C:\Users\32014\AppData\Local\Packages\PythonSoftwareFoundation.Python.3.10_qbz5n2kfra8p0\LocalCache\local-packages\Python310\Scripts;C:\Program Files\Docker\Docker\resources\bin;D:\xshell\;C:\Program Files\dotnet\;D:\bin;D:\polyspace\bin;C:\Windows\System32;D:\node.js\;C:\Program Files (x86)\Microsoft SQL Server\100\Tools\Binn\;C:\Program Files\Microsoft SQL Server\100\Tools\Binn\;C:\Program Files\Microsoft SQL Server\100\DTS\Binn\;D:\git\Git\cmd;D:\git\Git\mingw64\bin;D:\git\Git\usr\bin;D:\idea_ultimate\IntelliJ IDEA 2024.3.5\plugins\maven\lib\maven3\bin;D:\Java_related\mysql\mysql-9.3.0-winx64\bin;C:\Users\32014\Desktop\临时文件\sqlite-tools-win-x64-3490100\sqlite3.exe;C:\Users\32014\AppData\Local\Microsoft\WindowsApps;D:\联想应用商店\Nmap;C:\Users\32014\AppData\Local\Packages\PythonSoftwareFoundation.Python.3.10_qbz5n2kfra8p0\LocalCache\local-packages\Python310\Scripts;;D:\PhpStorm 2020.1\bin;;D:\PyCharm Community Edition 2022.3.2\bin;;C:\Users\32014\AppData\Roaming\npm;D:\vscode\Microsoft VS Code\bin;D:\idea_ultimate\IntelliJ IDEA 2024.3.5\bin;;."/>
    <property name="java.vm.info" value="mixed mode, sharing"/>
    <property name="java.vendor" value="Oracle Corporation"/>
    <property name="java.vm.version" value="17.0.15+9-LTS-241"/>
    <property name="java.specification.maintenance.version" value="1"/>
    <property name="sun.io.unicode.encoding" value="UnicodeLittle"/>
    <property name="java.class.version" value="61.0"/>
  </properties>
  <testcase name="testGenJWT1" classname="com.itheima.TliasWebManagementApplicationTests" time="4.996">
    <error message="The signing key&apos;s size is 32 bits which is not secure enough for the HS256 algorithm.  The JWT JWA Specification (RFC 7518, Section 3.2) states that keys used with HS256 MUST have a size &gt;= 256 bits (the key size must be greater than or equal to the hash output size).  Consider using the io.jsonwebtoken.security.Keys class&apos;s &apos;secretKeyFor(SignatureAlgorithm.HS256)&apos; method to create a key guaranteed to be secure enough for HS256.  See https://tools.ietf.org/html/rfc7518#section-3.2 for more information." type="io.jsonwebtoken.security.WeakKeyException"><![CDATA[io.jsonwebtoken.security.WeakKeyException: The signing key's size is 32 bits which is not secure enough for the HS256 algorithm.  The JWT JWA Specification (RFC 7518, Section 3.2) states that keys used with HS256 MUST have a size >= 256 bits (the key size must be greater than or equal to the hash output size).  Consider using the io.jsonwebtoken.security.Keys class's 'secretKeyFor(SignatureAlgorithm.HS256)' method to create a key guaranteed to be secure enough for HS256.  See https://tools.ietf.org/html/rfc7518#section-3.2 for more information.
	at io.jsonwebtoken.SignatureAlgorithm.assertValid(SignatureAlgorithm.java:389)
	at io.jsonwebtoken.SignatureAlgorithm.assertValidSigningKey(SignatureAlgorithm.java:317)
	at io.jsonwebtoken.impl.DefaultJwtBuilder.signWith(DefaultJwtBuilder.java:255)
	at io.jsonwebtoken.impl.DefaultJwtBuilder.signWith(DefaultJwtBuilder.java:267)
	at io.jsonwebtoken.impl.DefaultJwtBuilder.signWith(DefaultJwtBuilder.java:277)
	at com.itheima.TliasWebManagementApplicationTests.testGenJWT1(TliasWebManagementApplicationTests.java:32)
	at java.base/java.lang.reflect.Method.invoke(Method.java:568)
	at java.base/java.util.ArrayList.forEach(ArrayList.java:1511)
	at java.base/java.util.ArrayList.forEach(ArrayList.java:1511)
]]></error>
    <system-out><![CDATA[17:29:56.052 [main] INFO org.springframework.test.context.support.AnnotationConfigContextLoaderUtils -- Could not detect default configuration classes for test class [com.itheima.TliasWebManagementApplicationTests]: TliasWebManagementApplicationTests does not declare any static, non-private, non-final, nested classes annotated with @Configuration.
17:29:56.166 [main] INFO org.springframework.boot.test.context.SpringBootTestContextBootstrapper -- Found @SpringBootConfiguration com.itheima.TliasWebManagementApplication for test class com.itheima.TliasWebManagementApplicationTests

  .   ____          _            __ _ _
 /\\ / ___'_ __ _ _(_)_ __  __ _ \ \ \ \
( ( )\___ | '_ | '_| | '_ \/ _` | \ \ \ \
 \\/  ___)| |_)| | | | | || (_| |  ) ) ) )
  '  |____| .__|_| |_|_| |_\__, | / / / /
 =========|_|==============|___/=/_/_/_/

 :: Spring Boot ::                (v3.4.4)

2025-05-02T17:29:56.636+08:00  INFO 33980 --- [           main] c.i.TliasWebManagementApplicationTests   : Starting TliasWebManagementApplicationTests using Java 17.0.15 with PID 33980 (started by 32014 in C:\Users\32014\IdeaProjects\tlias-web-management)
2025-05-02T17:29:56.636+08:00  INFO 33980 --- [           main] c.i.TliasWebManagementApplicationTests   : No active profile set, falling back to 1 default profile: "default"
Logging initialized using 'class org.apache.ibatis.logging.stdout.StdOutImpl' adapter.


,------.                           ,--.  ,--.         ,--.                         
|  .--. '  ,--,--.  ,---.   ,---.  |  '--'  |  ,---.  |  |  ,---.   ,---.  ,--.--. 
|  '--' | ' ,-.  | | .-. | | .-. : |  .--.  | | .-. : |  | | .-. | | .-. : |  .--' 
|  | --'  \ '-'  | ' '-' ' \   --. |  |  |  | \   --. |  | | '-' ' \   --. |  |    
`--'       `--`--' .`-  /   `----' `--'  `--'  `----' `--' |  |-'   `----' `--'    
                   `---'                                   `--'                        is intercepting.

2025-05-02T17:29:59.105+08:00  INFO 33980 --- [           main] c.i.TliasWebManagementApplicationTests   : Started TliasWebManagementApplicationTests in 2.779 seconds (process running for 3.632)
]]></system-out>
  </testcase>
  <testcase name="contextLoads" classname="com.itheima.TliasWebManagementApplicationTests" time="0.006"/>
  <testcase name="testGenJWT" classname="com.itheima.TliasWebManagementApplicationTests" time="0.083">
    <system-out><![CDATA[生成的JWT: eyJhbGciOiJIUzI1NiJ9.eyJpZCI6MSwidXNlcm5hbWUiOiJ0ZXN0IiwiZXhwIjoxNzQ2MTgxODA0fQ.J4sdJU0crjG0qJuN5FVqq0ELKvPbtSZ7BMm3eTNW3AU
]]></system-out>
  </testcase>
  <testcase name="testParseJWT" classname="com.itheima.TliasWebManagementApplicationTests" time="0.059">
    <system-err><![CDATA[JWT解析失败: JWT expired 261886292 milliseconds ago at 2025-04-29T08:45:18.000Z. Current time: 2025-05-02T09:30:04.292Z. Allowed clock skew: 0 milliseconds.
]]></system-err>
  </testcase>
</testsuite>